<?xml version="1.0" encoding="UTF-8"?>
<testng-results skipped="0" failed="0" ignored="0" total="1" passed="1">
  <reporter-output>
  </reporter-output>
  <suite name="Suite" duration-ms="50236" started-at="2020-11-28T16:46:20 PST" finished-at="2020-11-28T16:47:11 PST">
    <groups>
    </groups>
    <test name="Test" duration-ms="50236" started-at="2020-11-28T16:46:20 PST" finished-at="2020-11-28T16:47:11 PST">
      <class name="project.test">
        <test-method status="PASS" signature="openbrowser()[pri:0, instance:project.test@20322d26]" name="openbrowser" is-config="true" duration-ms="335" started-at="2020-11-28T16:46:20 PST" finished-at="2020-11-28T16:46:20 PST">
          <reporter-output>
          </reporter-output>
        </test-method> <!-- openbrowser -->
        <test-method status="PASS" signature="main()[pri:0, instance:project.test@20322d26]" name="main" duration-ms="50162" started-at="2020-11-28T16:46:20 PST" finished-at="2020-11-28T16:47:10 PST">
          <reporter-output>
          </reporter-output>
        </test-method> <!-- main -->
        <test-method status="PASS" signature="closebrowser()[pri:0, instance:project.test@20322d26]" name="closebrowser" is-config="true" duration-ms="8707" started-at="2020-11-28T16:47:11 PST" finished-at="2020-11-28T16:47:20 PST">
          <reporter-output>
          </reporter-output>
        </test-method> <!-- closebrowser -->
      </class> <!-- project.test -->
    </test> <!-- Test -->
  </suite> <!-- Suite -->
</testng-results>
