<?xml version="1.0" encoding="UTF-8"?>
<testng-results ignored="0" total="1" passed="1" failed="0" skipped="0">
  <reporter-output>
  </reporter-output>
  <suite started-at="2020-11-07T22:08:25 PST" name="Default suite" finished-at="2020-11-07T22:09:56 PST" duration-ms="90153">
    <groups>
    </groups>
    <test started-at="2020-11-07T22:08:25 PST" name="Default test" finished-at="2020-11-07T22:09:56 PST" duration-ms="90153">
      <class name="project.test">
        <test-method is-config="true" signature="openbrowser()[pri:0, instance:project.test@12b0404f]" started-at="2020-11-07T22:08:23 PST" name="openbrowser" finished-at="2020-11-07T22:08:25 PST" duration-ms="2604" status="PASS">
          <reporter-output>
          </reporter-output>
        </test-method> <!-- openbrowser -->
        <test-method signature="main()[pri:0, instance:project.test@12b0404f]" started-at="2020-11-07T22:08:26 PST" name="main" finished-at="2020-11-07T22:09:56 PST" duration-ms="90002" status="PASS">
          <reporter-output>
          </reporter-output>
        </test-method> <!-- main -->
        <test-method is-config="true" signature="closebrowser()[pri:0, instance:project.test@12b0404f]" started-at="2020-11-07T22:09:56 PST" name="closebrowser" finished-at="2020-11-07T22:10:05 PST" duration-ms="8927" status="PASS">
          <reporter-output>
          </reporter-output>
        </test-method> <!-- closebrowser -->
      </class> <!-- project.test -->
    </test> <!-- Default test -->
  </suite> <!-- Default suite -->
</testng-results>
